young_mobile/build/app/intermediates/manifest_merge_blame_file/debug/processDebugMainManifest/manifest-merger-blame-debug-report.txt
1<?xml version="1.0" encoding="utf-8"?>
2<manifest xmlns:android="http://schemas.android.com/apk/res/android"
3    package="com.example.young_advmobprog"
4    android:versionCode="1"
5    android:versionName="0.1.0" >
6
7    <uses-sdk
8        android:minSdkVersion="23"
9        android:targetSdkVersion="35" />
10    <!--
11         The INTERNET permission is required for development. Specifically,
12         the Flutter tool needs it to communicate with the running application
13         to allow setting breakpoints, to provide hot reload, etc.
14    -->
15    <uses-permission android:name="android.permission.INTERNET" />
15-->src\debug\AndroidManifest.xml:6:5-66
15-->src\debug\AndroidManifest.xml:6:22-64
16    <!--
17     Required to query activities that can process text, see:
18         https://developer.android.com/training/package-visibility and
19         https://developer.android.com/reference/android/content/Intent#ACTION_PROCESS_TEXT.
20
21         In particular, this is used by the Flutter engine in io.flutter.plugin.text.ProcessTextPlugin.
22    -->
23    <queries>
23-->src\main\AndroidManifest.xml:39:5-44:15
24        <intent>
24-->src\main\AndroidManifest.xml:40:9-43:18
25            <action android:name="android.intent.action.PROCESS_TEXT" />
25-->src\main\AndroidManifest.xml:41:13-72
25-->src\main\AndroidManifest.xml:41:21-70
26
27            <data android:mimeType="text/plain" />
27-->src\main\AndroidManifest.xml:42:13-50
27-->src\main\AndroidManifest.xml:42:19-48
28        </intent>
29    </queries>
30
31    <uses-permission android:name="android.permission.ACCESS_NETWORK_STATE" />
31-->[com.google.firebase:firebase-auth:24.0.1] AndroidManifest.xml:26:5-79
31-->[com.google.firebase:firebase-auth:24.0.1] AndroidManifest.xml:26:22-76
32    <uses-permission android:name="com.google.android.providers.gsf.permission.READ_GSERVICES" />
32-->[com.google.android.recaptcha:recaptcha:18.6.1] AndroidManifest.xml:9:5-98
32-->[com.google.android.recaptcha:recaptcha:18.6.1] AndroidManifest.xml:9:22-95
33
34    <permission
34-->[androidx.core:core:1.13.1] AndroidManifest.xml:22:5-24:47
35        android:name="com.example.young_advmobprog.DYNAMIC_RECEIVER_NOT_EXPORTED_PERMISSION"
35-->[androidx.core:core:1.13.1] AndroidManifest.xml:23:9-81
36        android:protectionLevel="signature" />
36-->[androidx.core:core:1.13.1] AndroidManifest.xml:24:9-44
37
38    <uses-permission android:name="com.example.young_advmobprog.DYNAMIC_RECEIVER_NOT_EXPORTED_PERMISSION" />
38-->[androidx.core:core:1.13.1] AndroidManifest.xml:26:5-97
38-->[androidx.core:core:1.13.1] AndroidManifest.xml:26:22-94
39
40    <application
41        android:name="android.app.Application"
42        android:appComponentFactory="androidx.core.app.CoreComponentFactory"
42-->[androidx.core:core:1.13.1] AndroidManifest.xml:28:18-86
43        android:debuggable="true"
44        android:extractNativeLibs="false"
45        android:icon="@mipmap/ic_launcher"
46        android:label="young_advmobprog" >
47        <activity
48            android:name="com.example.young_advmobprog.MainActivity"
49            android:configChanges="orientation|keyboardHidden|keyboard|screenSize|smallestScreenSize|locale|layoutDirection|fontScale|screenLayout|density|uiMode"
50            android:exported="true"
51            android:hardwareAccelerated="true"
52            android:launchMode="singleTop"
53            android:taskAffinity=""
54            android:theme="@style/LaunchTheme"
55            android:windowSoftInputMode="adjustResize" >
56
57            <!--
58                 Specifies an Android theme to apply to this Activity as soon as
59                 the Android process has started. This theme is visible to the user
60                 while the Flutter UI initializes. After that, this theme continues
61                 to determine the Window background behind the Flutter UI.
62            -->
63            <meta-data
64                android:name="io.flutter.embedding.android.NormalTheme"
65                android:resource="@style/NormalTheme" />
66
67            <intent-filter>
68                <action android:name="android.intent.action.MAIN" />
69
70                <category android:name="android.intent.category.LAUNCHER" />
71            </intent-filter>
72        </activity>
73        <!--
74             Don't delete the meta-data below.
75             This is used by the Flutter tool to generate GeneratedPluginRegistrant.java
76        -->
77        <meta-data
78            android:name="flutterEmbedding"
79            android:value="2" />
80
81        <service
81-->[:firebase_auth] AndroidManifest.xml:8:9-12:19
82            android:name="com.google.firebase.components.ComponentDiscoveryService"
82-->[:firebase_auth] AndroidManifest.xml:8:18-89
83            android:directBootAware="true"
83-->[com.google.firebase:firebase-common:22.0.0] AndroidManifest.xml:32:13-43
84            android:exported="false" >
84-->[com.google.firebase:firebase-auth:24.0.1] AndroidManifest.xml:68:13-37
85            <meta-data
85-->[:firebase_auth] AndroidManifest.xml:9:13-11:85
86                android:name="com.google.firebase.components:io.flutter.plugins.firebase.auth.FlutterFirebaseAuthRegistrar"
86-->[:firebase_auth] AndroidManifest.xml:10:17-124
87                android:value="com.google.firebase.components.ComponentRegistrar" />
87-->[:firebase_auth] AndroidManifest.xml:11:17-82
88            <meta-data
88-->[:firebase_core] AndroidManifest.xml:9:13-11:85
89                android:name="com.google.firebase.components:io.flutter.plugins.firebase.core.FlutterFirebaseCoreRegistrar"
89-->[:firebase_core] AndroidManifest.xml:10:17-124
90                android:value="com.google.firebase.components.ComponentRegistrar" />
90-->[:firebase_core] AndroidManifest.xml:11:17-82
91            <meta-data
91-->[com.google.firebase:firebase-auth:24.0.1] AndroidManifest.xml:69:13-71:85
92                android:name="com.google.firebase.components:com.google.firebase.auth.FirebaseAuthRegistrar"
92-->[com.google.firebase:firebase-auth:24.0.1] AndroidManifest.xml:70:17-109
93                android:value="com.google.firebase.components.ComponentRegistrar" />
93-->[com.google.firebase:firebase-auth:24.0.1] AndroidManifest.xml:71:17-82
94            <meta-data
94-->[com.google.firebase:firebase-common:22.0.0] AndroidManifest.xml:35:13-37:85
95                android:name="com.google.firebase.components:com.google.firebase.FirebaseCommonKtxRegistrar"
95-->[com.google.firebase:firebase-common:22.0.0] AndroidManifest.xml:36:17-109
96                android:value="com.google.firebase.components.ComponentRegistrar" />
96-->[com.google.firebase:firebase-common:22.0.0] AndroidManifest.xml:37:17-82
97        </service>
98
99        <activity
99-->[com.google.firebase:firebase-auth:24.0.1] AndroidManifest.xml:29:9-46:20
100            android:name="com.google.firebase.auth.internal.GenericIdpActivity"
100-->[com.google.firebase:firebase-auth:24.0.1] AndroidManifest.xml:30:13-80
101            android:excludeFromRecents="true"
101-->[com.google.firebase:firebase-auth:24.0.1] AndroidManifest.xml:31:13-46
102            android:exported="true"
102-->[com.google.firebase:firebase-auth:24.0.1] AndroidManifest.xml:32:13-36
103            android:launchMode="singleTask"
103-->[com.google.firebase:firebase-auth:24.0.1] AndroidManifest.xml:33:13-44
104            android:theme="@android:style/Theme.Translucent.NoTitleBar" >
104-->[com.google.firebase:firebase-auth:24.0.1] AndroidManifest.xml:34:13-72
105            <intent-filter>
105-->[com.google.firebase:firebase-auth:24.0.1] AndroidManifest.xml:35:13-45:29
106                <action android:name="android.intent.action.VIEW" />
106-->[com.google.firebase:firebase-auth:24.0.1] AndroidManifest.xml:36:17-69
106-->[com.google.firebase:firebase-auth:24.0.1] AndroidManifest.xml:36:25-66
107
108                <category android:name="android.intent.category.DEFAULT" />
108-->[com.google.firebase:firebase-auth:24.0.1] AndroidManifest.xml:38:17-76
108-->[com.google.firebase:firebase-auth:24.0.1] AndroidManifest.xml:38:27-73
109                <category android:name="android.intent.category.BROWSABLE" />
109-->[com.google.firebase:firebase-auth:24.0.1] AndroidManifest.xml:39:17-78
109-->[com.google.firebase:firebase-auth:24.0.1] AndroidManifest.xml:39:27-75
110
111                <data
111-->src\main\AndroidManifest.xml:42:13-50
112                    android:host="firebase.auth"
113                    android:path="/"
114                    android:scheme="genericidp" />
115            </intent-filter>
116        </activity>
117        <activity
117-->[com.google.firebase:firebase-auth:24.0.1] AndroidManifest.xml:47:9-64:20
118            android:name="com.google.firebase.auth.internal.RecaptchaActivity"
118-->[com.google.firebase:firebase-auth:24.0.1] AndroidManifest.xml:48:13-79
119            android:excludeFromRecents="true"
119-->[com.google.firebase:firebase-auth:24.0.1] AndroidManifest.xml:49:13-46
120            android:exported="true"
120-->[com.google.firebase:firebase-auth:24.0.1] AndroidManifest.xml:50:13-36
121            android:launchMode="singleTask"
121-->[com.google.firebase:firebase-auth:24.0.1] AndroidManifest.xml:51:13-44
122            android:theme="@android:style/Theme.Translucent.NoTitleBar" >
122-->[com.google.firebase:firebase-auth:24.0.1] AndroidManifest.xml:52:13-72
123            <intent-filter>
123-->[com.google.firebase:firebase-auth:24.0.1] AndroidManifest.xml:53:13-63:29
124                <action android:name="android.intent.action.VIEW" />
124-->[com.google.firebase:firebase-auth:24.0.1] AndroidManifest.xml:36:17-69
124-->[com.google.firebase:firebase-auth:24.0.1] AndroidManifest.xml:36:25-66
125
126                <category android:name="android.intent.category.DEFAULT" />
126-->[com.google.firebase:firebase-auth:24.0.1] AndroidManifest.xml:38:17-76
126-->[com.google.firebase:firebase-auth:24.0.1] AndroidManifest.xml:38:27-73
127                <category android:name="android.intent.category.BROWSABLE" />
127-->[com.google.firebase:firebase-auth:24.0.1] AndroidManifest.xml:39:17-78
127-->[com.google.firebase:firebase-auth:24.0.1] AndroidManifest.xml:39:27-75
128
129                <data
129-->src\main\AndroidManifest.xml:42:13-50
130                    android:host="firebase.auth"
131                    android:path="/"
132                    android:scheme="recaptcha" />
133            </intent-filter>
134        </activity>
135
136        <provider
136-->[com.google.firebase:firebase-common:22.0.0] AndroidManifest.xml:23:9-28:39
137            android:name="com.google.firebase.provider.FirebaseInitProvider"
137-->[com.google.firebase:firebase-common:22.0.0] AndroidManifest.xml:24:13-77
138            android:authorities="com.example.young_advmobprog.firebaseinitprovider"
138-->[com.google.firebase:firebase-common:22.0.0] AndroidManifest.xml:25:13-72
139            android:directBootAware="true"
139-->[com.google.firebase:firebase-common:22.0.0] AndroidManifest.xml:26:13-43
140            android:exported="false"
140-->[com.google.firebase:firebase-common:22.0.0] AndroidManifest.xml:27:13-37
141            android:initOrder="100" />
141-->[com.google.firebase:firebase-common:22.0.0] AndroidManifest.xml:28:13-36
142
143        <service
143-->[androidx.credentials:credentials-play-services-auth:1.2.0-rc01] AndroidManifest.xml:24:9-32:19
144            android:name="androidx.credentials.playservices.CredentialProviderMetadataHolder"
144-->[androidx.credentials:credentials-play-services-auth:1.2.0-rc01] AndroidManifest.xml:25:13-94
145            android:enabled="true"
145-->[androidx.credentials:credentials-play-services-auth:1.2.0-rc01] AndroidManifest.xml:26:13-35
146            android:exported="false" >
146-->[androidx.credentials:credentials-play-services-auth:1.2.0-rc01] AndroidManifest.xml:27:13-37
147            <meta-data
147-->[androidx.credentials:credentials-play-services-auth:1.2.0-rc01] AndroidManifest.xml:29:13-31:104
148                android:name="androidx.credentials.CREDENTIAL_PROVIDER_KEY"
148-->[androidx.credentials:credentials-play-services-auth:1.2.0-rc01] AndroidManifest.xml:30:17-76
149                android:value="androidx.credentials.playservices.CredentialProviderPlayServicesImpl" />
149-->[androidx.credentials:credentials-play-services-auth:1.2.0-rc01] AndroidManifest.xml:31:17-101
150        </service>
151
152        <activity
152-->[androidx.credentials:credentials-play-services-auth:1.2.0-rc01] AndroidManifest.xml:34:9-41:20
153            android:name="androidx.credentials.playservices.HiddenActivity"
153-->[androidx.credentials:credentials-play-services-auth:1.2.0-rc01] AndroidManifest.xml:35:13-76
154            android:configChanges="orientation|screenSize|screenLayout|keyboardHidden"
154-->[androidx.credentials:credentials-play-services-auth:1.2.0-rc01] AndroidManifest.xml:36:13-87
155            android:enabled="true"
155-->[androidx.credentials:credentials-play-services-auth:1.2.0-rc01] AndroidManifest.xml:37:13-35
156            android:exported="false"
156-->[androidx.credentials:credentials-play-services-auth:1.2.0-rc01] AndroidManifest.xml:38:13-37
157            android:fitsSystemWindows="true"
157-->[androidx.credentials:credentials-play-services-auth:1.2.0-rc01] AndroidManifest.xml:39:13-45
158            android:theme="@style/Theme.Hidden" >
158-->[androidx.credentials:credentials-play-services-auth:1.2.0-rc01] AndroidManifest.xml:40:13-48
159        </activity>
160        <activity
160-->[com.google.android.gms:play-services-auth:20.7.0] AndroidManifest.xml:23:9-27:75
161            android:name="com.google.android.gms.auth.api.signin.internal.SignInHubActivity"
161-->[com.google.android.gms:play-services-auth:20.7.0] AndroidManifest.xml:24:13-93
162            android:excludeFromRecents="true"
162-->[com.google.android.gms:play-services-auth:20.7.0] AndroidManifest.xml:25:13-46
163            android:exported="false"
163-->[com.google.android.gms:play-services-auth:20.7.0] AndroidManifest.xml:26:13-37
164            android:theme="@android:style/Theme.Translucent.NoTitleBar" />
164-->[com.google.android.gms:play-services-auth:20.7.0] AndroidManifest.xml:27:13-72
165        <!--
166            Service handling Google Sign-In user revocation. For apps that do not integrate with
167            Google Sign-In, this service will never be started.
168        -->
169        <service
169-->[com.google.android.gms:play-services-auth:20.7.0] AndroidManifest.xml:33:9-37:51
170            android:name="com.google.android.gms.auth.api.signin.RevocationBoundService"
170-->[com.google.android.gms:play-services-auth:20.7.0] AndroidManifest.xml:34:13-89
171            android:exported="true"
171-->[com.google.android.gms:play-services-auth:20.7.0] AndroidManifest.xml:35:13-36
172            android:permission="com.google.android.gms.auth.api.signin.permission.REVOCATION_NOTIFICATION"
172-->[com.google.android.gms:play-services-auth:20.7.0] AndroidManifest.xml:36:13-107
173            android:visibleToInstantApps="true" />
173-->[com.google.android.gms:play-services-auth:20.7.0] AndroidManifest.xml:37:13-48
174
175        <uses-library
175-->[androidx.window:window:1.2.0] AndroidManifest.xml:23:9-25:40
176            android:name="androidx.window.extensions"
176-->[androidx.window:window:1.2.0] AndroidManifest.xml:24:13-54
177            android:required="false" />
177-->[androidx.window:window:1.2.0] AndroidManifest.xml:25:13-37
178        <uses-library
178-->[androidx.window:window:1.2.0] AndroidManifest.xml:26:9-28:40
179            android:name="androidx.window.sidecar"
179-->[androidx.window:window:1.2.0] AndroidManifest.xml:27:13-51
180            android:required="false" />
180-->[androidx.window:window:1.2.0] AndroidManifest.xml:28:13-37
181
182        <activity
182-->[com.google.android.gms:play-services-base:18.0.1] AndroidManifest.xml:20:9-22:45
183            android:name="com.google.android.gms.common.api.GoogleApiActivity"
183-->[com.google.android.gms:play-services-base:18.0.1] AndroidManifest.xml:20:19-85
184            android:exported="false"
184-->[com.google.android.gms:play-services-base:18.0.1] AndroidManifest.xml:22:19-43
185            android:theme="@android:style/Theme.Translucent.NoTitleBar" />
185-->[com.google.android.gms:play-services-base:18.0.1] AndroidManifest.xml:21:19-78
186
187        <meta-data
187-->[com.google.android.gms:play-services-basement:18.4.0] AndroidManifest.xml:6:9-122
188            android:name="com.google.android.gms.version"
188-->[com.google.android.gms:play-services-basement:18.4.0] AndroidManifest.xml:6:20-65
189            android:value="@integer/google_play_services_version" />
189-->[com.google.android.gms:play-services-basement:18.4.0] AndroidManifest.xml:6:66-119
190
191        <provider
191-->[androidx.lifecycle:lifecycle-process:2.7.0] AndroidManifest.xml:24:9-32:20
192            android:name="androidx.startup.InitializationProvider"
192-->[androidx.lifecycle:lifecycle-process:2.7.0] AndroidManifest.xml:25:13-67
193            android:authorities="com.example.young_advmobprog.androidx-startup"
193-->[androidx.lifecycle:lifecycle-process:2.7.0] AndroidManifest.xml:26:13-68
194            android:exported="false" >
194-->[androidx.lifecycle:lifecycle-process:2.7.0] AndroidManifest.xml:27:13-37
195            <meta-data
195-->[androidx.lifecycle:lifecycle-process:2.7.0] AndroidManifest.xml:29:13-31:52
196                android:name="androidx.lifecycle.ProcessLifecycleInitializer"
196-->[androidx.lifecycle:lifecycle-process:2.7.0] AndroidManifest.xml:30:17-78
197                android:value="androidx.startup" />
197-->[androidx.lifecycle:lifecycle-process:2.7.0] AndroidManifest.xml:31:17-49
198            <meta-data
198-->[androidx.profileinstaller:profileinstaller:1.3.1] AndroidManifest.xml:29:13-31:52
199                android:name="androidx.profileinstaller.ProfileInstallerInitializer"
199-->[androidx.profileinstaller:profileinstaller:1.3.1] AndroidManifest.xml:30:17-85
200                android:value="androidx.startup" />
200-->[androidx.profileinstaller:profileinstaller:1.3.1] AndroidManifest.xml:31:17-49
201        </provider>
202
203        <receiver
203-->[androidx.profileinstaller:profileinstaller:1.3.1] AndroidManifest.xml:34:9-52:20
204            android:name="androidx.profileinstaller.ProfileInstallReceiver"
204-->[androidx.profileinstaller:profileinstaller:1.3.1] AndroidManifest.xml:35:13-76
205            android:directBootAware="false"
205-->[androidx.profileinstaller:profileinstaller:1.3.1] AndroidManifest.xml:36:13-44
206            android:enabled="true"
206-->[androidx.profileinstaller:profileinstaller:1.3.1] AndroidManifest.xml:37:13-35
207            android:exported="true"
207-->[androidx.profileinstaller:profileinstaller:1.3.1] AndroidManifest.xml:38:13-36
208            android:permission="android.permission.DUMP" >
208-->[androidx.profileinstaller:profileinstaller:1.3.1] AndroidManifest.xml:39:13-57
209            <intent-filter>
209-->[androidx.profileinstaller:profileinstaller:1.3.1] AndroidManifest.xml:40:13-42:29
210                <action android:name="androidx.profileinstaller.action.INSTALL_PROFILE" />
210-->[androidx.profileinstaller:profileinstaller:1.3.1] AndroidManifest.xml:41:17-91
210-->[androidx.profileinstaller:profileinstaller:1.3.1] AndroidManifest.xml:41:25-88
211            </intent-filter>
212            <intent-filter>
212-->[androidx.profileinstaller:profileinstaller:1.3.1] AndroidManifest.xml:43:13-45:29
213                <action android:name="androidx.profileinstaller.action.SKIP_FILE" />
213-->[androidx.profileinstaller:profileinstaller:1.3.1] AndroidManifest.xml:44:17-85
213-->[androidx.profileinstaller:profileinstaller:1.3.1] AndroidManifest.xml:44:25-82
214            </intent-filter>
215            <intent-filter>
215-->[androidx.profileinstaller:profileinstaller:1.3.1] AndroidManifest.xml:46:13-48:29
216                <action android:name="androidx.profileinstaller.action.SAVE_PROFILE" />
216-->[androidx.profileinstaller:profileinstaller:1.3.1] AndroidManifest.xml:47:17-88
216-->[androidx.profileinstaller:profileinstaller:1.3.1] AndroidManifest.xml:47:25-85
217            </intent-filter>
218            <intent-filter>
218-->[androidx.profileinstaller:profileinstaller:1.3.1] AndroidManifest.xml:49:13-51:29
219                <action android:name="androidx.profileinstaller.action.BENCHMARK_OPERATION" />
219-->[androidx.profileinstaller:profileinstaller:1.3.1] AndroidManifest.xml:50:17-95
219-->[androidx.profileinstaller:profileinstaller:1.3.1] AndroidManifest.xml:50:25-92
220            </intent-filter>
221        </receiver> <!-- The activities will be merged into the manifest of the hosting app. -->
222        <activity
222-->[com.google.android.play:core-common:2.0.3] AndroidManifest.xml:14:9-18:65
223            android:name="com.google.android.play.core.common.PlayCoreDialogWrapperActivity"
223-->[com.google.android.play:core-common:2.0.3] AndroidManifest.xml:15:13-93
224            android:exported="false"
224-->[com.google.android.play:core-common:2.0.3] AndroidManifest.xml:16:13-37
225            android:stateNotNeeded="true"
225-->[com.google.android.play:core-common:2.0.3] AndroidManifest.xml:17:13-42
226            android:theme="@style/Theme.PlayCore.Transparent" />
226-->[com.google.android.play:core-common:2.0.3] AndroidManifest.xml:18:13-62
227    </application>
228
229</manifest>